<?xml version="1.0" encoding="UTF-8"?>
<!-- Generated by org.testng.reporters.JUnitReportReporter -->
<testsuite hostname="umahari" failures="0" tests="1" name="driverFactory.DriverScript" time="15.172" errors="0" timestamp="2024-02-16T11:55:58 IST" skipped="0">
  <testcase classname="driverFactory.DriverScript" name="starttest" time="15.172"/>
  <system-out/>
</testsuite> <!-- driverFactory.DriverScript -->
