<?xml version="1.0" encoding="UTF-8"?>
<!-- Generated by org.testng.reporters.JUnitReportReporter -->
<testsuite hostname="umahari" failures="0" tests="1" name="driverFactory.AppTests" time="17.165" errors="0" timestamp="2024-02-22T12:29:27 IST" skipped="0">
  <testcase classname="driverFactory.AppTests" name="kicktest" time="17.165"/>
  <system-out/>
</testsuite> <!-- driverFactory.AppTests -->
