<?xml version="1.0" encoding="UTF-8"?>
<!-- Generated by org.testng.reporters.JUnitReportReporter -->
<testsuite hostname="umahari" failures="0" tests="1" name="driverFactory.AppTest" time="14.850" errors="0" timestamp="2024-02-15T15:16:06 IST" skipped="0">
  <testcase classname="driverFactory.AppTest" name="kicktest" time="14.850"/>
  <system-out/>
</testsuite> <!-- driverFactory.AppTest -->
